16:16:39.111 [main] INFO  c.j.b.c.Block - 1 번째 블록의 채굴에 성공했습니다.
16:16:39.119 [main] INFO  c.j.b.c.Block - --------------------------------------
16:16:39.119 [main] INFO  c.j.b.c.Block - 블록 번호: 1
16:16:39.120 [main] INFO  c.j.b.c.Block - 이전 해시: null
16:16:39.120 [main] INFO  c.j.b.c.Block - 채굴 변수 값: 155066
16:16:39.120 [main] INFO  c.j.b.c.Block - 트랜잭션 개수: 0 개
16:16:39.120 [main] INFO  c.j.b.c.Block - 블록 해시: 0000de262bab0c8adbdaa3377de5c3fbad11725f1ca123cd73040a06ab843a1d
16:16:39.120 [main] INFO  c.j.b.c.Block - --------------------------------------
16:16:39.939 [main] INFO  c.j.b.c.Block - 2 번째 블록의 채굴에 성공했습니다.
16:16:39.942 [main] INFO  c.j.b.c.Block - --------------------------------------
16:16:39.942 [main] INFO  c.j.b.c.Block - 블록 번호: 2
16:16:39.942 [main] INFO  c.j.b.c.Block - 이전 해시: 0000de262bab0c8adbdaa3377de5c3fbad11725f1ca123cd73040a06ab843a1d
16:16:39.942 [main] INFO  c.j.b.c.Block - 채굴 변수 값: 165450
16:16:39.942 [main] INFO  c.j.b.c.Block - 트랜잭션 개수: 2 개
16:16:39.942 [main] INFO  c.j.b.c.Block - 나동빈이(가) 박한울에게 1.5개의 코인을 보냈습니다.
16:16:39.942 [main] INFO  c.j.b.c.Block - 이태일이(가) 박한울에게 0.7개의 코인을 보냈습니다.
16:16:39.943 [main] INFO  c.j.b.c.Block - 블록 해시: 0000a9cadaab560278b2dd9f43b717d7df5fbbe5ce10981b2dd08fde366c3312
16:16:39.943 [main] INFO  c.j.b.c.Block - --------------------------------------
16:16:40.185 [main] INFO  c.j.b.c.Block - 3 번째 블록의 채굴에 성공했습니다.
16:16:40.185 [main] INFO  c.j.b.c.Block - --------------------------------------
16:16:40.186 [main] INFO  c.j.b.c.Block - 블록 번호: 3
16:16:40.186 [main] INFO  c.j.b.c.Block - 이전 해시: 0000a9cadaab560278b2dd9f43b717d7df5fbbe5ce10981b2dd08fde366c3312
16:16:40.186 [main] INFO  c.j.b.c.Block - 채굴 변수 값: 57801
16:16:40.186 [main] INFO  c.j.b.c.Block - 트랜잭션 개수: 2 개
16:16:40.186 [main] INFO  c.j.b.c.Block - 강종구이(가) 이상욱에게 8.2개의 코인을 보냈습니다.
16:16:40.187 [main] INFO  c.j.b.c.Block - 박한울이(가) 나동빈에게 0.4개의 코인을 보냈습니다.
16:16:40.187 [main] INFO  c.j.b.c.Block - 블록 해시: 0000e182e43faa63c5080714df6e25762d8002dac3817c7543a5fb8bce3b93af
16:16:40.187 [main] INFO  c.j.b.c.Block - --------------------------------------
16:16:40.240 [main] INFO  c.j.b.c.Block - 4 번째 블록의 채굴에 성공했습니다.
16:16:40.240 [main] INFO  c.j.b.c.Block - --------------------------------------
16:16:40.240 [main] INFO  c.j.b.c.Block - 블록 번호: 4
16:16:40.240 [main] INFO  c.j.b.c.Block - 이전 해시: 0000e182e43faa63c5080714df6e25762d8002dac3817c7543a5fb8bce3b93af
16:16:40.241 [main] INFO  c.j.b.c.Block - 채굴 변수 값: 15389
16:16:40.241 [main] INFO  c.j.b.c.Block - 트랜잭션 개수: 1 개
16:16:40.242 [main] INFO  c.j.b.c.Block - 이상욱이(가) 강종구에게 0.1개의 코인을 보냈습니다.
16:16:40.242 [main] INFO  c.j.b.c.Block - 블록 해시: 00006ed0abb8411573ae233ff0bc40277abe73fd89e0f54a427038f61af597a8
16:16:40.242 [main] INFO  c.j.b.c.Block - --------------------------------------
10:29:34.008 [main] INFO  c.j.b.c.Block - 1 번째 블록의 채굴에 성공했습니다.
10:29:34.012 [main] INFO  c.j.b.c.Block - --------------------------------------
10:29:34.012 [main] INFO  c.j.b.c.Block - 블록 번호: 1
10:29:34.012 [main] INFO  c.j.b.c.Block - 이전 해시: null
10:29:34.012 [main] INFO  c.j.b.c.Block - 채굴 변수 값: 155066
10:29:34.012 [main] INFO  c.j.b.c.Block - 트랜잭션 개수: 0 개
10:29:34.012 [main] INFO  c.j.b.c.Block - 블록 해시: 0000de262bab0c8adbdaa3377de5c3fbad11725f1ca123cd73040a06ab843a1d
10:29:34.012 [main] INFO  c.j.b.c.Block - --------------------------------------
10:29:34.773 [main] INFO  c.j.b.c.Block - 2 번째 블록의 채굴에 성공했습니다.
10:29:34.773 [main] INFO  c.j.b.c.Block - --------------------------------------
10:29:34.774 [main] INFO  c.j.b.c.Block - 블록 번호: 2
10:29:34.774 [main] INFO  c.j.b.c.Block - 이전 해시: 0000de262bab0c8adbdaa3377de5c3fbad11725f1ca123cd73040a06ab843a1d
10:29:34.774 [main] INFO  c.j.b.c.Block - 채굴 변수 값: 165450
10:29:34.774 [main] INFO  c.j.b.c.Block - 트랜잭션 개수: 2 개
10:29:34.774 [main] INFO  c.j.b.c.Block - 나동빈이(가) 박한울에게 1.5개의 코인을 보냈습니다.
10:29:34.774 [main] INFO  c.j.b.c.Block - 이태일이(가) 박한울에게 0.7개의 코인을 보냈습니다.
10:29:34.775 [main] INFO  c.j.b.c.Block - 블록 해시: 0000a9cadaab560278b2dd9f43b717d7df5fbbe5ce10981b2dd08fde366c3312
10:29:34.775 [main] INFO  c.j.b.c.Block - --------------------------------------
10:29:34.985 [main] INFO  c.j.b.c.Block - 3 번째 블록의 채굴에 성공했습니다.
10:29:34.985 [main] INFO  c.j.b.c.Block - --------------------------------------
10:29:34.986 [main] INFO  c.j.b.c.Block - 블록 번호: 3
10:29:34.986 [main] INFO  c.j.b.c.Block - 이전 해시: 0000a9cadaab560278b2dd9f43b717d7df5fbbe5ce10981b2dd08fde366c3312
10:29:34.987 [main] INFO  c.j.b.c.Block - 채굴 변수 값: 57801
10:29:34.987 [main] INFO  c.j.b.c.Block - 트랜잭션 개수: 2 개
10:29:34.987 [main] INFO  c.j.b.c.Block - 강종구이(가) 이상욱에게 8.2개의 코인을 보냈습니다.
10:29:34.988 [main] INFO  c.j.b.c.Block - 박한울이(가) 나동빈에게 0.4개의 코인을 보냈습니다.
10:29:34.988 [main] INFO  c.j.b.c.Block - 블록 해시: 0000e182e43faa63c5080714df6e25762d8002dac3817c7543a5fb8bce3b93af
10:29:34.988 [main] INFO  c.j.b.c.Block - --------------------------------------
10:29:35.038 [main] INFO  c.j.b.c.Block - 4 번째 블록의 채굴에 성공했습니다.
10:29:35.039 [main] INFO  c.j.b.c.Block - --------------------------------------
10:29:35.039 [main] INFO  c.j.b.c.Block - 블록 번호: 4
10:29:35.039 [main] INFO  c.j.b.c.Block - 이전 해시: 0000e182e43faa63c5080714df6e25762d8002dac3817c7543a5fb8bce3b93af
10:29:35.040 [main] INFO  c.j.b.c.Block - 채굴 변수 값: 15389
10:29:35.040 [main] INFO  c.j.b.c.Block - 트랜잭션 개수: 1 개
10:29:35.040 [main] INFO  c.j.b.c.Block - 이상욱이(가) 강종구에게 0.1개의 코인을 보냈습니다.
10:29:35.040 [main] INFO  c.j.b.c.Block - 블록 해시: 00006ed0abb8411573ae233ff0bc40277abe73fd89e0f54a427038f61af597a8
10:29:35.040 [main] INFO  c.j.b.c.Block - --------------------------------------
10:30:26.396 [main] INFO  c.j.b.c.Block - 1 번째 블록의 채굴에 성공했습니다.
10:30:26.402 [main] INFO  c.j.b.c.Block - --------------------------------------
10:30:26.403 [main] INFO  c.j.b.c.Block - 블록 번호: 1
10:30:26.403 [main] INFO  c.j.b.c.Block - 이전 해시: null
10:30:26.403 [main] INFO  c.j.b.c.Block - 채굴 변수 값: 155066
10:30:26.403 [main] INFO  c.j.b.c.Block - 트랜잭션 개수: 0 개
10:30:26.403 [main] INFO  c.j.b.c.Block - 블록 해시: 0000de262bab0c8adbdaa3377de5c3fbad11725f1ca123cd73040a06ab843a1d
10:30:26.403 [main] INFO  c.j.b.c.Block - --------------------------------------
10:30:27.186 [main] INFO  c.j.b.c.Block - 2 번째 블록의 채굴에 성공했습니다.
10:30:27.186 [main] INFO  c.j.b.c.Block - --------------------------------------
10:30:27.186 [main] INFO  c.j.b.c.Block - 블록 번호: 2
10:30:27.186 [main] INFO  c.j.b.c.Block - 이전 해시: 0000de262bab0c8adbdaa3377de5c3fbad11725f1ca123cd73040a06ab843a1d
10:30:27.186 [main] INFO  c.j.b.c.Block - 채굴 변수 값: 165450
10:30:27.186 [main] INFO  c.j.b.c.Block - 트랜잭션 개수: 2 개
10:30:27.186 [main] INFO  c.j.b.c.Block - 나동빈이(가) 박한울에게 1.5개의 코인을 보냈습니다.
10:30:27.186 [main] INFO  c.j.b.c.Block - 이태일이(가) 박한울에게 0.7개의 코인을 보냈습니다.
10:30:27.187 [main] INFO  c.j.b.c.Block - 블록 해시: 0000a9cadaab560278b2dd9f43b717d7df5fbbe5ce10981b2dd08fde366c3312
10:30:27.187 [main] INFO  c.j.b.c.Block - --------------------------------------
10:30:27.439 [main] INFO  c.j.b.c.Block - 3 번째 블록의 채굴에 성공했습니다.
10:30:27.439 [main] INFO  c.j.b.c.Block - --------------------------------------
10:30:27.440 [main] INFO  c.j.b.c.Block - 블록 번호: 3
10:30:27.440 [main] INFO  c.j.b.c.Block - 이전 해시: 0000a9cadaab560278b2dd9f43b717d7df5fbbe5ce10981b2dd08fde366c3312
10:30:27.440 [main] INFO  c.j.b.c.Block - 채굴 변수 값: 56419
10:30:27.440 [main] INFO  c.j.b.c.Block - 트랜잭션 개수: 3 개
10:30:27.441 [main] INFO  c.j.b.c.Block - 강종구이(가) 이상욱에게 8.2개의 코인을 보냈습니다.
10:30:27.441 [main] INFO  c.j.b.c.Block - 박한울이(가) 나동빈에게 0.4개의 코인을 보냈습니다.
10:30:27.441 [main] INFO  c.j.b.c.Block - 임정묵이(가) 신현철에게 10.1개의 코인을 보냈습니다.
10:30:27.441 [main] INFO  c.j.b.c.Block - 블록 해시: 0000e7e2b3d9400dd8dfc0ad638b90e0aa7ddaf56e6e869ff2dcf620be6fcd10
10:30:27.442 [main] INFO  c.j.b.c.Block - --------------------------------------
10:30:27.982 [main] INFO  c.j.b.c.Block - 4 번째 블록의 채굴에 성공했습니다.
10:30:27.982 [main] INFO  c.j.b.c.Block - --------------------------------------
10:30:27.983 [main] INFO  c.j.b.c.Block - 블록 번호: 4
10:30:27.983 [main] INFO  c.j.b.c.Block - 이전 해시: 0000e7e2b3d9400dd8dfc0ad638b90e0aa7ddaf56e6e869ff2dcf620be6fcd10
10:30:27.983 [main] INFO  c.j.b.c.Block - 채굴 변수 값: 143945
10:30:27.984 [main] INFO  c.j.b.c.Block - 트랜잭션 개수: 1 개
10:30:27.984 [main] INFO  c.j.b.c.Block - 이상욱이(가) 강종구에게 0.1개의 코인을 보냈습니다.
10:30:27.984 [main] INFO  c.j.b.c.Block - 블록 해시: 0000d24e621ba137543340b90fec193f2a449e4bb4bb9106a916a8225c6eb85f
10:30:27.984 [main] INFO  c.j.b.c.Block - --------------------------------------
10:54:05.523 [main] INFO  c.j.b.u.EC - 타원곡선 암호키 한 쌍을 생성했습니다.
10:54:05.532 [main] INFO  c.j.b.u.EC - EC 암호키 EC PRIVATE KEY을(를) private.pem 파일로 내보냈습니다.
10:54:05.537 [main] INFO  c.j.b.u.EC - EC 암호키 EC PUBLIC KEY을(를) public.pem 파일로 내보냈습니다.
11:11:37.663 [main] INFO  c.j.b.u.DecryptionTest - 원래 문정: 정묵이가 현철이한테 1000 코인 전송 
11:11:37.667 [main] INFO  c.j.b.u.DecryptionTest - 암호문: 0x 302D021467778F97E6169934D878CAE66DD4067E89B6CCC3021501F36FFC232E5961E5E799AF3372BF11B2B96ED7AF
11:12:15.449 [main] INFO  c.j.b.u.DecryptionTest - 원래 문정: 정묵이가 현철이한테 1000 코인 전송 
11:12:15.454 [main] INFO  c.j.b.u.DecryptionTest - 암호문: 0x 302E021501A7213423F8ED4AB2A7BC251902A833E4D8A35F95021503CF534CA11BE9F82398CEC0B12787E741111D36B1
11:12:15.455 [main] INFO  c.j.b.u.DecryptionTest - 원래 문장 검증: true 
11:14:58.654 [main] INFO  c.j.b.u.DecryptionTest - 원래 문정: 정묵이가 현철이한테 1000 코인 전송 
11:14:58.660 [main] INFO  c.j.b.u.DecryptionTest - 암호문: 0x 302D02141D18DBD5479FF4B18AF315A88452E367389F6854021501D0462224516213A04730334A3A572D9BF56141F7
11:14:58.661 [main] INFO  c.j.b.u.DecryptionTest - 원래 문장 검증: true 
11:14:58.662 [main] INFO  c.j.b.u.DecryptionTest - 변경괸 문장 검증: false 
11:15:42.754 [main] INFO  c.j.b.u.DecryptionTest - 원래 문장: 정묵이가 현철이한테 1000 코인 전송 
11:15:42.758 [main] INFO  c.j.b.u.DecryptionTest - 변경된 문장: 정묵이가 현철이한테 3000 코인 전송 
11:15:42.759 [main] INFO  c.j.b.u.DecryptionTest - 암호문: 0x 302E021500B739BC2FC3142273DED4BEBA5B4B6EFD42A8D44D021501B1D7A7B5B593BBD70D62B27E6F2B9379BB42B7D9
11:15:42.760 [main] INFO  c.j.b.u.DecryptionTest - 원래 문장 검증: true 
11:15:42.761 [main] INFO  c.j.b.u.DecryptionTest - 변경괸 문장 검증: false 
11:28:47.102 [main] INFO  c.j.b.u.EC - 타원곡선 암호키 한 쌍을 생성했습니다.
11:28:47.115 [main] INFO  c.j.b.u.EC - EC 암호키 EC PRIVATE KEY을(를) private.pem 파일로 내보냈습니다.
11:28:47.119 [main] INFO  c.j.b.u.EC - EC 암호키 EC PUBLIC KEY을(를) public.pem 파일로 내보냈습니다.
11:28:47.120 [main] INFO  c.j.b.u.EC - EC 개인키를 private.pem로 부터 불러왔습니다.
11:28:47.120 [main] INFO  c.j.b.u.EC - -----BEGIN EC PRIVATE KEY-----
MGwCAQAwEAYHKoZIzj0CAQYFK4EEAAEEVTBTAgEBBBUAqXI0Z+y5/TFmHJGtBvjF
PSUHEOWgBwYFK4EEAAGhLgMsAAQBLOSQiIOtTt32MJHEc8cQ6CVmyYACvRsV2dAe
oRhzo4PMba+1uDiFfIs=
-----END EC PRIVATE KEY-----

11:28:47.133 [main] INFO  c.j.b.u.EC - EC 개인키를 public.pem로 부터 불러왔습니다.
11:28:47.134 [main] INFO  c.j.b.u.EC - -----BEGIN EC PUBLIC KEY-----
MEAwEAYHKoZIzj0CAQYFK4EEAAEDLAAEASzkkIiDrU7d9jCRxHPHEOglZsmAAr0b
FdnQHqEYc6ODzG2vtbg4hXyL
-----END EC PUBLIC KEY-----

11:47:45.634 [main] INFO  c.j.b.u.EC - 타원곡선 암호키 한 쌍을 생성했습니다.
11:47:45.645 [main] INFO  c.j.b.u.EC - EC 암호키 EC PRIVATE KEY을(를) private1.pem 파일로 내보냈습니다.
11:47:45.649 [main] INFO  c.j.b.u.EC - EC 암호키 EC PUBLIC KEY을(를) public1.pem 파일로 내보냈습니다.
11:47:45.664 [main] INFO  c.j.b.u.EC - 타원곡선 암호키 한 쌍을 생성했습니다.
11:47:45.667 [main] INFO  c.j.b.u.EC - EC 암호키 EC PRIVATE KEY을(를) private2.pem 파일로 내보냈습니다.
11:47:45.670 [main] INFO  c.j.b.u.EC - EC 암호키 EC PUBLIC KEY을(를) public2.pem 파일로 내보냈습니다.
11:47:45.670 [main] INFO  c.j.b.u.EC - EC 개인키를 private1.pem로 부터 불러왔습니다.
11:47:45.670 [main] INFO  c.j.b.u.EC - -----BEGIN EC PRIVATE KEY-----
MGwCAQAwEAYHKoZIzj0CAQYFK4EEAAEEVTBTAgEBBBUDWswwQ1iCB+s6llu49Rgz
KSfMWgCgBwYFK4EEAAGhLgMsAAQHNCmFiAwtw5agO2KRoDbskleBlLQFkU35yoP/
+50ChQvOXC9u4heFiPg=
-----END EC PRIVATE KEY-----

11:47:45.675 [main] INFO  c.j.b.u.EC - EC 개인키를 public1.pem로 부터 불러왔습니다.
11:47:45.675 [main] INFO  c.j.b.u.EC - -----BEGIN EC PUBLIC KEY-----
MEAwEAYHKoZIzj0CAQYFK4EEAAEDLAAEBzQphYgMLcOWoDtikaA27JJXgZS0BZFN
+cqD//udAoULzlwvbuIXhYj4
-----END EC PUBLIC KEY-----

11:47:45.677 [main] INFO  c.j.b.u.EC - EC 개인키를 private2.pem로 부터 불러왔습니다.
11:47:45.677 [main] INFO  c.j.b.u.EC - -----BEGIN EC PRIVATE KEY-----
MGwCAQAwEAYHKoZIzj0CAQYFK4EEAAEEVTBTAgEBBBUBahw92isrg8cjBMQVvump
Cv5jltqgBwYFK4EEAAGhLgMsAAQADec7e5e3m6lBdO6G4O5PY/WZHu0BPDo05Xs7
g5mM3hK8BUcrC4Wh/es=
-----END EC PRIVATE KEY-----

11:47:45.677 [main] INFO  c.j.b.u.EC - EC 개인키를 public2.pem로 부터 불러왔습니다.
11:47:45.677 [main] INFO  c.j.b.u.EC - -----BEGIN EC PUBLIC KEY-----
MEAwEAYHKoZIzj0CAQYFK4EEAAEDLAAEAA3nO3uXt5upQXTuhuDuT2P1mR7tATw6
NOV7O4OZjN4SvAVHKwuFof3r
-----END EC PUBLIC KEY-----

11:48:35.430 [main] INFO  c.j.b.u.EC - 타원곡선 암호키 한 쌍을 생성했습니다.
11:48:35.443 [main] INFO  c.j.b.u.EC - EC 암호키 EC PRIVATE KEY을(를) private1.pem 파일로 내보냈습니다.
11:48:35.446 [main] INFO  c.j.b.u.EC - EC 암호키 EC PUBLIC KEY을(를) public1.pem 파일로 내보냈습니다.
11:48:35.460 [main] INFO  c.j.b.u.EC - 타원곡선 암호키 한 쌍을 생성했습니다.
11:48:35.462 [main] INFO  c.j.b.u.EC - EC 암호키 EC PRIVATE KEY을(를) private2.pem 파일로 내보냈습니다.
11:48:35.465 [main] INFO  c.j.b.u.EC - EC 암호키 EC PUBLIC KEY을(를) public2.pem 파일로 내보냈습니다.
11:48:35.465 [main] INFO  c.j.b.u.EC - EC 개인키를 private1.pem로 부터 불러왔습니다.
11:48:35.465 [main] INFO  c.j.b.u.EC - -----BEGIN EC PRIVATE KEY-----
MGwCAQAwEAYHKoZIzj0CAQYFK4EEAAEEVTBTAgEBBBUA3xU/YocJ19pkxh6cInru
PzWQOh2gBwYFK4EEAAGhLgMsAAQAwqqMofkVBaxK2mrhIEpSbxUcapcG3wEegoVQ
GdehKyAz210NjuL4YL0=
-----END EC PRIVATE KEY-----

11:48:35.470 [main] INFO  c.j.b.u.EC - EC 개인키를 public1.pem로 부터 불러왔습니다.
11:48:35.470 [main] INFO  c.j.b.u.EC - -----BEGIN EC PUBLIC KEY-----
MEAwEAYHKoZIzj0CAQYFK4EEAAEDLAAEAMKqjKH5FQWsStpq4SBKUm8VHGqXBt8B
HoKFUBnXoSsgM9tdDY7i+GC9
-----END EC PUBLIC KEY-----

11:48:35.471 [main] INFO  c.j.b.u.EC - EC 개인키를 private2.pem로 부터 불러왔습니다.
11:48:35.471 [main] INFO  c.j.b.u.EC - -----BEGIN EC PRIVATE KEY-----
MGwCAQAwEAYHKoZIzj0CAQYFK4EEAAEEVTBTAgEBBBUBjbnax0+7cssw60TH6ivO
uKMoSs2gBwYFK4EEAAGhLgMsAAQG4O74nnsKzAz3LUqb9o1q/pAHAlYEIabOP1ah
H1swwQA3ycqpeWtC1Fg=
-----END EC PRIVATE KEY-----

11:48:35.472 [main] INFO  c.j.b.u.EC - EC 개인키를 public2.pem로 부터 불러왔습니다.
11:48:35.472 [main] INFO  c.j.b.u.EC - -----BEGIN EC PUBLIC KEY-----
MEAwEAYHKoZIzj0CAQYFK4EEAAEDLAAEBuDu+J57CswM9y1Km/aNav6QBwJWBCGm
zj9WoR9bMMEAN8nKqXlrQtRY
-----END EC PUBLIC KEY-----

11:48:35.479 [main] INFO  c.j.b.u.EC - 평문 정보: 평문입니다.
11:48:35.490 [main] INFO  c.j.b.u.EC - 신원 검증: true
12:37:39.267 [main] INFO  c.j.b.b.Block - 1 번째 블록의 채굴에 성공했습니다.
12:37:39.273 [main] INFO  c.j.b.b.Block - --------------------------------------
12:37:39.273 [main] INFO  c.j.b.b.Block - 블록 번호: 1
12:37:39.273 [main] INFO  c.j.b.b.Block - 이전 해시: null
12:37:39.273 [main] INFO  c.j.b.b.Block - 채굴 변수 값: 155066
12:37:39.273 [main] INFO  c.j.b.b.Block - 트랜잭션 개수: 0 개
12:37:39.274 [main] INFO  c.j.b.b.Block - 블록 해시: 0000de262bab0c8adbdaa3377de5c3fbad11725f1ca123cd73040a06ab843a1d
12:37:39.274 [main] INFO  c.j.b.b.Block - --------------------------------------
12:37:40.038 [main] INFO  c.j.b.b.Block - 2 번째 블록의 채굴에 성공했습니다.
12:37:40.039 [main] INFO  c.j.b.b.Block - --------------------------------------
12:37:40.039 [main] INFO  c.j.b.b.Block - 블록 번호: 2
12:37:40.039 [main] INFO  c.j.b.b.Block - 이전 해시: 0000de262bab0c8adbdaa3377de5c3fbad11725f1ca123cd73040a06ab843a1d
12:37:40.039 [main] INFO  c.j.b.b.Block - 채굴 변수 값: 165450
12:37:40.039 [main] INFO  c.j.b.b.Block - 트랜잭션 개수: 2 개
12:37:40.039 [main] INFO  c.j.b.b.Block - 나동빈이(가) 박한울에게 1.5개의 코인을 보냈습니다.
12:37:40.039 [main] INFO  c.j.b.b.Block - 이태일이(가) 박한울에게 0.7개의 코인을 보냈습니다.
12:37:40.040 [main] INFO  c.j.b.b.Block - 블록 해시: 0000a9cadaab560278b2dd9f43b717d7df5fbbe5ce10981b2dd08fde366c3312
12:37:40.040 [main] INFO  c.j.b.b.Block - --------------------------------------
12:37:40.291 [main] INFO  c.j.b.b.Block - 3 번째 블록의 채굴에 성공했습니다.
12:37:40.291 [main] INFO  c.j.b.b.Block - --------------------------------------
12:37:40.292 [main] INFO  c.j.b.b.Block - 블록 번호: 3
12:37:40.292 [main] INFO  c.j.b.b.Block - 이전 해시: 0000a9cadaab560278b2dd9f43b717d7df5fbbe5ce10981b2dd08fde366c3312
12:37:40.292 [main] INFO  c.j.b.b.Block - 채굴 변수 값: 56419
12:37:40.292 [main] INFO  c.j.b.b.Block - 트랜잭션 개수: 3 개
12:37:40.293 [main] INFO  c.j.b.b.Block - 강종구이(가) 이상욱에게 8.2개의 코인을 보냈습니다.
12:37:40.293 [main] INFO  c.j.b.b.Block - 박한울이(가) 나동빈에게 0.4개의 코인을 보냈습니다.
12:37:40.293 [main] INFO  c.j.b.b.Block - 임정묵이(가) 신현철에게 10.1개의 코인을 보냈습니다.
12:37:40.293 [main] INFO  c.j.b.b.Block - 블록 해시: 0000e7e2b3d9400dd8dfc0ad638b90e0aa7ddaf56e6e869ff2dcf620be6fcd10
12:37:40.293 [main] INFO  c.j.b.b.Block - --------------------------------------
12:37:40.829 [main] INFO  c.j.b.b.Block - 4 번째 블록의 채굴에 성공했습니다.
12:37:40.829 [main] INFO  c.j.b.b.Block - --------------------------------------
12:37:40.829 [main] INFO  c.j.b.b.Block - 블록 번호: 4
12:37:40.830 [main] INFO  c.j.b.b.Block - 이전 해시: 0000e7e2b3d9400dd8dfc0ad638b90e0aa7ddaf56e6e869ff2dcf620be6fcd10
12:37:40.831 [main] INFO  c.j.b.b.Block - 채굴 변수 값: 143945
12:37:40.831 [main] INFO  c.j.b.b.Block - 트랜잭션 개수: 1 개
12:37:40.831 [main] INFO  c.j.b.b.Block - 이상욱이(가) 강종구에게 0.1개의 코인을 보냈습니다.
12:37:40.831 [main] INFO  c.j.b.b.Block - 블록 해시: 0000d24e621ba137543340b90fec193f2a449e4bb4bb9106a916a8225c6eb85f
12:37:40.831 [main] INFO  c.j.b.b.Block - --------------------------------------
12:41:03.481 [main] INFO  c.j.b.u.EC - 타원곡선 암호키 한 쌍을 생성했습니다.
12:41:03.490 [main] INFO  c.j.b.u.EC - EC 암호키 EC PRIVATE KEY을(를) private1.pem 파일로 내보냈습니다.
12:41:03.493 [main] INFO  c.j.b.u.EC - EC 암호키 EC PUBLIC KEY을(를) public1.pem 파일로 내보냈습니다.
12:41:03.504 [main] INFO  c.j.b.u.EC - 타원곡선 암호키 한 쌍을 생성했습니다.
12:41:03.506 [main] INFO  c.j.b.u.EC - EC 암호키 EC PRIVATE KEY을(를) private2.pem 파일로 내보냈습니다.
12:41:03.508 [main] INFO  c.j.b.u.EC - EC 암호키 EC PUBLIC KEY을(를) public2.pem 파일로 내보냈습니다.
12:41:03.511 [main] INFO  c.j.b.u.EC - 타원곡선 암호키 한 쌍을 생성했습니다.
12:41:03.513 [main] INFO  c.j.b.u.EC - EC 암호키 EC PRIVATE KEY을(를) private3.pem 파일로 내보냈습니다.
12:41:03.516 [main] INFO  c.j.b.u.EC - EC 암호키 EC PUBLIC KEY을(를) public3.pem 파일로 내보냈습니다.
12:41:03.517 [main] INFO  c.j.b.u.EC - EC 개인키를 private1.pem로 부터 불러왔습니다.
12:41:03.518 [main] INFO  c.j.b.u.EC - -----BEGIN EC PRIVATE KEY-----
MGwCAQAwEAYHKoZIzj0CAQYFK4EEAAEEVTBTAgEBBBUDwxJRlY1T2tPKW9ysY2ew
JoRN6hygBwYFK4EEAAGhLgMsAAQGxhP154HbESK2m7JwAw0p2YJdMt8BwB6xaJuD
qrWkDkUcpO8dCBYwXc8=
-----END EC PRIVATE KEY-----

12:41:03.521 [main] INFO  c.j.b.u.EC - EC 개인키를 public1.pem로 부터 불러왔습니다.
12:41:03.521 [main] INFO  c.j.b.u.EC - -----BEGIN EC PUBLIC KEY-----
MEAwEAYHKoZIzj0CAQYFK4EEAAEDLAAEBsYT9eeB2xEitpuycAMNKdmCXTLfAcAe
sWibg6q1pA5FHKTvHQgWMF3P
-----END EC PUBLIC KEY-----

12:41:03.523 [main] INFO  c.j.b.u.EC - EC 개인키를 private2.pem로 부터 불러왔습니다.
12:41:03.523 [main] INFO  c.j.b.u.EC - -----BEGIN EC PRIVATE KEY-----
MGwCAQAwEAYHKoZIzj0CAQYFK4EEAAEEVTBTAgEBBBUAg5f4vkKlA3g5JiZCjLXD
fxOjTl6gBwYFK4EEAAGhLgMsAAQDZjMJrtbbarDW2E5do3eG8A7WpmACkLkVYi3t
hzPquOoRnvJ/V9bVdn8=
-----END EC PRIVATE KEY-----

12:41:03.523 [main] INFO  c.j.b.u.EC - EC 개인키를 public2.pem로 부터 불러왔습니다.
12:41:03.524 [main] INFO  c.j.b.u.EC - -----BEGIN EC PUBLIC KEY-----
MEAwEAYHKoZIzj0CAQYFK4EEAAEDLAAEA2YzCa7W22qw1thOXaN3hvAO1qZgApC5
FWIt7Ycz6rjqEZ7yf1fW1XZ/
-----END EC PUBLIC KEY-----

12:41:03.525 [main] INFO  c.j.b.u.EC - EC 개인키를 private3.pem로 부터 불러왔습니다.
12:41:03.526 [main] INFO  c.j.b.u.EC - -----BEGIN EC PRIVATE KEY-----
MGwCAQAwEAYHKoZIzj0CAQYFK4EEAAEEVTBTAgEBBBUBPoR47kzr3AKIAs58Rnuy
SYAB2KGgBwYFK4EEAAGhLgMsAAQHujHif3oLbrFHqjkTDGq/uXD9UWoEy03lWfKK
A5CPi3+aFui7xyK+9hs=
-----END EC PRIVATE KEY-----

12:41:03.526 [main] INFO  c.j.b.u.EC - EC 개인키를 public3.pem로 부터 불러왔습니다.
12:41:03.526 [main] INFO  c.j.b.u.EC - -----BEGIN EC PUBLIC KEY-----
MEAwEAYHKoZIzj0CAQYFK4EEAAEDLAAEB7ox4n96C26xR6o5Ewxqv7lw/VFqBMtN
5VnyigOQj4t/mhbou8civvYb
-----END EC PUBLIC KEY-----

12:41:04.020 [main] INFO  c.j.b.c.Block - 1 번째 블록의 채굴에 성공했습니다.
12:41:04.020 [main] INFO  c.j.b.c.Block - --------------------------------------
12:41:04.020 [main] INFO  c.j.b.c.Block - 블록 번호: 1
12:41:04.020 [main] INFO  c.j.b.c.Block - 이전 해시: null
12:41:04.020 [main] INFO  c.j.b.c.Block - 채굴 변수 값: 155066
12:41:04.020 [main] INFO  c.j.b.c.Block - 트랜잭션 개수: 0 개
12:41:04.020 [main] INFO  c.j.b.c.Block - 블록 해시: 0000de262bab0c8adbdaa3377de5c3fbad11725f1ca123cd73040a06ab843a1d
12:41:04.020 [main] INFO  c.j.b.c.Block - --------------------------------------
12:41:04.039 [main] INFO  c.j.b.c.Block - 정상적인 트랜잭션을 발견했습니다.
12:41:04.044 [main] INFO  c.j.b.c.Block - 정상적인 트랜잭션을 발견했습니다.
12:41:05.869 [main] INFO  c.j.b.c.Block - 2 번째 블록의 채굴에 성공했습니다.
12:41:05.870 [main] INFO  c.j.b.c.Block - --------------------------------------
12:41:05.870 [main] INFO  c.j.b.c.Block - 블록 번호: 2
12:41:05.871 [main] INFO  c.j.b.c.Block - 이전 해시: 0000de262bab0c8adbdaa3377de5c3fbad11725f1ca123cd73040a06ab843a1d
12:41:05.871 [main] INFO  c.j.b.c.Block - 채굴 변수 값: 21633
12:41:05.872 [main] INFO  c.j.b.c.Block - 트랜잭션 개수: 2 개
12:41:05.872 [main] INFO  c.j.b.c.Block - <302E02150345FA735753245C2FFA51BC4374111065089E2B7E021500D71E70A37774F8AB56326905968B0B931D3A1C44>
8f96c307493767c0687077003a9c5e4eecc9211d2ab10254643ea1f3ea210811 -> dc22cdac2c71102c439ecdabf69a3539c5dc89b59d60a6564b7554ad4822a3fa : 1.5개 (2018-05-03 23:05:19.5)
12:41:05.872 [main] INFO  c.j.b.c.Block - <302E021501BEEAFD276A7ABE9039F0E7CEE3A471686C9AD2F0021502049E8650DBBC03007922F21E5D5B6C7D88BA69E2>
dc22cdac2c71102c439ecdabf69a3539c5dc89b59d60a6564b7554ad4822a3fa -> 0e890a5f6cb5fdf560dfc62b107311aa01efd0a0595b287683cdea9559208917 : 3.7개 (2018-05-04 14:12:09.5)
12:41:05.872 [main] INFO  c.j.b.c.Block - 블록 해시: 0000e660f51d31618fb910fd0d644dca926d073a2ffe73477d9f85e4a948108b
12:41:05.873 [main] INFO  c.j.b.c.Block - --------------------------------------
12:41:05.877 [main] INFO  c.j.b.c.Block - 정상적인 트랜잭션을 발견했습니다.
12:41:05.880 [main] INFO  c.j.b.c.Block - 정상적인 트랜잭션을 발견했습니다.
12:41:09.245 [main] INFO  c.j.b.c.Block - 3 번째 블록의 채굴에 성공했습니다.
12:41:09.245 [main] INFO  c.j.b.c.Block - --------------------------------------
12:41:09.245 [main] INFO  c.j.b.c.Block - 블록 번호: 3
12:41:09.245 [main] INFO  c.j.b.c.Block - 이전 해시: 0000e660f51d31618fb910fd0d644dca926d073a2ffe73477d9f85e4a948108b
12:41:09.246 [main] INFO  c.j.b.c.Block - 채굴 변수 값: 49146
12:41:09.246 [main] INFO  c.j.b.c.Block - 트랜잭션 개수: 2 개
12:41:09.246 [main] INFO  c.j.b.c.Block - <302E021500A9391986640DA2878F635D252184F66E24BEFCC402150307CB4C6312609C48D4E2E7068790F7C11FBE78D3>
8f96c307493767c0687077003a9c5e4eecc9211d2ab10254643ea1f3ea210811 -> 0e890a5f6cb5fdf560dfc62b107311aa01efd0a0595b287683cdea9559208917 : 2.3개 (2018-05-06 17:09:21.5)
12:41:09.247 [main] INFO  c.j.b.c.Block - <302D0214672B2E6F8287A82A28D25797F132D9D9EBA8B5360215023F3C6EA56CFF94817DA21207336587CC6862AF8B>
dc22cdac2c71102c439ecdabf69a3539c5dc89b59d60a6564b7554ad4822a3fa -> 0e890a5f6cb5fdf560dfc62b107311aa01efd0a0595b287683cdea9559208917 : 1.4개 (2018-05-07 02:11:19.5)
12:41:09.247 [main] INFO  c.j.b.c.Block - 블록 해시: 0000aee6624197899705c28314de40f47cc51c6df70a6a69d2e34a96ffe95fe0
12:41:09.247 [main] INFO  c.j.b.c.Block - --------------------------------------
13:25:18.479 [main] INFO  c.j.b.u.EC - 타원곡선 암호키 한 쌍을 생성했습니다.
13:25:18.489 [main] INFO  c.j.b.u.EC - EC 암호키 EC PRIVATE KEY을(를) private1.pem 파일로 내보냈습니다.
13:25:18.492 [main] INFO  c.j.b.u.EC - EC 암호키 EC PUBLIC KEY을(를) public1.pem 파일로 내보냈습니다.
13:25:18.504 [main] INFO  c.j.b.u.EC - 타원곡선 암호키 한 쌍을 생성했습니다.
13:25:18.506 [main] INFO  c.j.b.u.EC - EC 암호키 EC PRIVATE KEY을(를) private2.pem 파일로 내보냈습니다.
13:25:18.509 [main] INFO  c.j.b.u.EC - EC 암호키 EC PUBLIC KEY을(를) public2.pem 파일로 내보냈습니다.
13:25:18.513 [main] INFO  c.j.b.u.EC - 타원곡선 암호키 한 쌍을 생성했습니다.
13:25:18.516 [main] INFO  c.j.b.u.EC - EC 암호키 EC PRIVATE KEY을(를) private3.pem 파일로 내보냈습니다.
13:25:18.519 [main] INFO  c.j.b.u.EC - EC 암호키 EC PUBLIC KEY을(를) public3.pem 파일로 내보냈습니다.
13:25:18.520 [main] INFO  c.j.b.u.EC - EC 개인키를 private1.pem로 부터 불러왔습니다.
13:25:18.520 [main] INFO  c.j.b.u.EC - -----BEGIN EC PRIVATE KEY-----
MGwCAQAwEAYHKoZIzj0CAQYFK4EEAAEEVTBTAgEBBBUAKXhzWQL4y0FxEPn+cbc+
vSrz8b6gBwYFK4EEAAGhLgMsAAQEMXgewNnolSIoPIuCREgk05rgLWwGtyuwq7AK
DsAN90MZEBl8zF4xPpQ=
-----END EC PRIVATE KEY-----

13:25:18.524 [main] INFO  c.j.b.u.EC - EC 개인키를 public1.pem로 부터 불러왔습니다.
13:25:18.524 [main] INFO  c.j.b.u.EC - -----BEGIN EC PUBLIC KEY-----
MEAwEAYHKoZIzj0CAQYFK4EEAAEDLAAEBDF4HsDZ6JUiKDyLgkRIJNOa4C1sBrcr
sKuwCg7ADfdDGRAZfMxeMT6U
-----END EC PUBLIC KEY-----

13:25:18.526 [main] INFO  c.j.b.u.EC - EC 개인키를 private2.pem로 부터 불러왔습니다.
13:25:18.526 [main] INFO  c.j.b.u.EC - -----BEGIN EC PRIVATE KEY-----
MGwCAQAwEAYHKoZIzj0CAQYFK4EEAAEEVTBTAgEBBBUBElegfbpbURibt9xXpSx1
Fiqdan2gBwYFK4EEAAGhLgMsAAQE1oS5vrhAUCktIRFIHESeCXqlHoUFjdpIZe5p
ISyyT2xG8wMTME0pEFY=
-----END EC PRIVATE KEY-----

13:25:18.527 [main] INFO  c.j.b.u.EC - EC 개인키를 public2.pem로 부터 불러왔습니다.
13:25:18.528 [main] INFO  c.j.b.u.EC - -----BEGIN EC PUBLIC KEY-----
MEAwEAYHKoZIzj0CAQYFK4EEAAEDLAAEBNaEub64QFApLSERSBxEngl6pR6FBY3a
SGXuaSEssk9sRvMDEzBNKRBW
-----END EC PUBLIC KEY-----

13:25:18.529 [main] INFO  c.j.b.u.EC - EC 개인키를 private3.pem로 부터 불러왔습니다.
13:25:18.529 [main] INFO  c.j.b.u.EC - -----BEGIN EC PRIVATE KEY-----
MGwCAQAwEAYHKoZIzj0CAQYFK4EEAAEEVTBTAgEBBBUCUvhs5sw0qMypYgmLh3nE
teoaEi2gBwYFK4EEAAGhLgMsAAQBcUe+x6U70aRwzxPr3ijUvpm/07QG6Vt8bHhC
lfUtzOWmfFjrt90SBQM=
-----END EC PRIVATE KEY-----

13:25:18.530 [main] INFO  c.j.b.u.EC - EC 개인키를 public3.pem로 부터 불러왔습니다.
13:25:18.530 [main] INFO  c.j.b.u.EC - -----BEGIN EC PUBLIC KEY-----
MEAwEAYHKoZIzj0CAQYFK4EEAAEDLAAEAXFHvselO9GkcM8T694o1L6Zv9O0Bulb
fGx4QpX1LczlpnxY67fdEgUD
-----END EC PUBLIC KEY-----

13:25:19.038 [main] INFO  c.j.b.c.Block - 1 번째 블록의 채굴에 성공했습니다.
13:25:19.038 [main] INFO  c.j.b.c.Block - --------------------------------------
13:25:19.038 [main] INFO  c.j.b.c.Block - 블록 번호: 1
13:25:19.038 [main] INFO  c.j.b.c.Block - 이전 해시: null
13:25:19.038 [main] INFO  c.j.b.c.Block - 채굴 변수 값: 155066
13:25:19.039 [main] INFO  c.j.b.c.Block - 트랜잭션 개수: 0 개
13:25:19.039 [main] INFO  c.j.b.c.Block - 블록 해시: 0000de262bab0c8adbdaa3377de5c3fbad11725f1ca123cd73040a06ab843a1d
13:25:19.039 [main] INFO  c.j.b.c.Block - --------------------------------------
13:25:19.058 [main] INFO  c.j.b.c.Block - 정상적인 트랜잭션을 발견했습니다.
13:25:19.064 [main] INFO  c.j.b.c.Block - 정상적인 트랜잭션을 발견했습니다.
13:25:30.624 [main] INFO  c.j.b.c.Block - 2 번째 블록의 채굴에 성공했습니다.
13:25:30.625 [main] INFO  c.j.b.c.Block - --------------------------------------
13:25:30.625 [main] INFO  c.j.b.c.Block - 블록 번호: 2
13:25:30.625 [main] INFO  c.j.b.c.Block - 이전 해시: 0000de262bab0c8adbdaa3377de5c3fbad11725f1ca123cd73040a06ab843a1d
13:25:30.625 [main] INFO  c.j.b.c.Block - 채굴 변수 값: 166741
13:25:30.626 [main] INFO  c.j.b.c.Block - 트랜잭션 개수: 2 개
13:25:30.627 [main] INFO  c.j.b.c.Block - <302E021500B4F769D672A4FA7C657D5A64043E94A4F993ECFB0215029DC7DCD02158DDD28C86DFE5E753770D9D8BC7F2>
9eeb48aab5959eccedf27ec0bfb700a40fcca0757da3e54c7b1b61cc0441c55a -> 47f6fbbb9055f8ae0c4a204e7a9bb86b92e455c35cf88209ae88f31f850dd39b : 1.5개 (2018-05-03 23:05:19.5)
13:25:30.627 [main] INFO  c.j.b.c.Block - <302E02150181D085B53368C2662B579D44ED5D2BC7394E201202150327C7E9CFD517416366C077031DEEA386EB653A9A>
47f6fbbb9055f8ae0c4a204e7a9bb86b92e455c35cf88209ae88f31f850dd39b -> dff957759ab349c80dfe5defb249eb21390e8543b2e7c95b10fd71778b22f916 : 3.7개 (2018-05-04 14:12:09.5)
13:25:30.627 [main] INFO  c.j.b.c.Block - 블록 해시: 00005cea25fd38f8359788a7cdb0d467bf87821ef5256faaae704dc0ec4b9d88
13:25:30.628 [main] INFO  c.j.b.c.Block - --------------------------------------
13:25:30.632 [main] INFO  c.j.b.c.Block - 정상적인 트랜잭션을 발견했습니다.
13:25:30.637 [main] INFO  c.j.b.c.Block - 정상적인 트랜잭션을 발견했습니다.
13:25:32.053 [main] INFO  c.j.b.c.Block - 3 번째 블록의 채굴에 성공했습니다.
13:25:32.053 [main] INFO  c.j.b.c.Block - --------------------------------------
13:25:32.053 [main] INFO  c.j.b.c.Block - 블록 번호: 3
13:25:32.053 [main] INFO  c.j.b.c.Block - 이전 해시: 00005cea25fd38f8359788a7cdb0d467bf87821ef5256faaae704dc0ec4b9d88
13:25:32.053 [main] INFO  c.j.b.c.Block - 채굴 변수 값: 19674
13:25:32.054 [main] INFO  c.j.b.c.Block - 트랜잭션 개수: 2 개
13:25:32.054 [main] INFO  c.j.b.c.Block - <302D0214547780958E90F7C49C59A1D6B0359DF65DCC1E3A021500AD36D260174B7B8ED48DB79F7F23B1A1F53FF88F>
9eeb48aab5959eccedf27ec0bfb700a40fcca0757da3e54c7b1b61cc0441c55a -> dff957759ab349c80dfe5defb249eb21390e8543b2e7c95b10fd71778b22f916 : 2.3개 (2018-05-06 17:09:21.5)
13:25:32.054 [main] INFO  c.j.b.c.Block - <302E0215013CA447C54A83F44632A054D1D18B9DD45AB18E6E021503DFFD77E3EE5F0CD614442ED0D3F75324FC9AF2C0>
47f6fbbb9055f8ae0c4a204e7a9bb86b92e455c35cf88209ae88f31f850dd39b -> dff957759ab349c80dfe5defb249eb21390e8543b2e7c95b10fd71778b22f916 : 1.4개 (2018-05-07 02:11:19.5)
13:25:32.054 [main] INFO  c.j.b.c.Block - 블록 해시: 00006176fb98a22953d63578b5970bef8db7a29f703f6dd082d919c55988b2a8
13:25:32.055 [main] INFO  c.j.b.c.Block - --------------------------------------
